# JRE version: Java(TM) SE Runtime Environment (8.0_40-b26) (build 1.8.0_40-b26)
# Java VM: Java HotSpot(TM) 64-Bit Server VM (25.40-b25 mixed mode windows-amd64 compressed oops)
Heap:
 PSYoungGen      total 291840K, used 88062K [0x00000000eab00000, 0x00000000ffa80000, 0x0000000100000000)
  eden space 244224K, 32% used [0x00000000eab00000,0x00000000ef8bfb00,0x00000000f9980000)
  from space 47616K, 17% used [0x00000000fc680000,0x00000000fcec0000,0x00000000ff500000)
  to   space 46080K, 0% used [0x00000000f9980000,0x00000000f9980000,0x00000000fc680000)
 ParOldGen       total 203776K, used 67849K [0x00000000c0000000, 0x00000000cc700000, 0x00000000eab00000)
  object space 203776K, 33% used [0x00000000c0000000,0x00000000c42424a0,0x00000000cc700000)
 Metaspace       used 84830K, capacity 91922K, committed 92544K, reserved 1130496K
  class space    used 10250K, capacity 10991K, committed 11136K, reserved 1048576K
GC Heap History (10 events):
Event: 7619.870 GC heap before
{Heap before GC invocations=120 (full 25):
 PSYoungGen      total 292864K, used 245504K [0x00000000eab00000, 0x0000000100000000, 0x0000000100000000)
  eden space 237056K, 100% used [0x00000000eab00000,0x00000000f9280000,0x00000000f9280000)
  from space 55808K, 15% used [0x00000000fc780000,0x00000000fcfc0000,0x00000000ffe00000)
  to   space 54272K, 0% used [0x00000000f9280000,0x00000000f9280000,0x00000000fc780000)
 ParOldGen       total 203776K, used 67748K [0x00000000c0000000, 0x00000000cc700000, 0x00000000eab00000)
  object space 203776K, 33% used [0x00000000c0000000,0x00000000c42290d0,0x00000000cc700000)
 Metaspace       used 84687K, capacity 91764K, committed 92288K, reserved 1130496K
  class space    used 10240K, capacity 10982K, committed 11136K, reserved 1048576K
Event: 7619.884 GC heap after
Heap after GC invocations=120 (full 25):
 PSYoungGen      total 291328K, used 8155K [0x00000000eab00000, 0x00000000ffa80000, 0x0000000100000000)
  eden space 237056K, 0% used [0x00000000eab00000,0x00000000eab00000,0x00000000f9280000)
  from space 54272K, 15% used [0x00000000f9280000,0x00000000f9a76de8,0x00000000fc780000)
  to   space 52224K, 0% used [0x00000000fc780000,0x00000000fc780000,0x00000000ffa80000)
 ParOldGen       total 203776K, used 67756K [0x00000000c0000000, 0x00000000cc700000, 0x00000000eab00000)
  object space 203776K, 33% used [0x00000000c0000000,0x00000000c422b0d0,0x00000000cc700000)
 Metaspace       used 84687K, capacity 91764K, committed 92288K, reserved 1130496K
  class space    used 10240K, capacity 10982K, committed 11136K, reserved 1048576K
}
Event: 7627.569 GC heap before
{Heap before GC invocations=121 (full 25):
 PSYoungGen      total 291328K, used 245211K [0x00000000eab00000, 0x00000000ffa80000, 0x0000000100000000)
  eden space 237056K, 100% used [0x00000000eab00000,0x00000000f9280000,0x00000000f9280000)
  from space 54272K, 15% used [0x00000000f9280000,0x00000000f9a76de8,0x00000000fc780000)
  to   space 52224K, 0% used [0x00000000fc780000,0x00000000fc780000,0x00000000ffa80000)
 ParOldGen       total 203776K, used 67756K [0x00000000c0000000, 0x00000000cc700000, 0x00000000eab00000)
  object space 203776K, 33% used [0x00000000c0000000,0x00000000c422b0d0,0x00000000cc700000)
 Metaspace       used 84712K, capacity 91834K, committed 92544K, reserved 1130496K
  class space    used 10242K, capacity 10983K, committed 11136K, reserved 1048576K
Event: 7627.597 GC heap after
Heap after GC invocations=121 (full 25):
 PSYoungGen      total 292352K, used 15453K [0x00000000eab00000, 0x00000000ff900000, 0x0000000100000000)
  eden space 241664K, 0% used [0x00000000eab00000,0x00000000eab00000,0x00000000f9700000)
  from space 50688K, 30% used [0x00000000fc780000,0x00000000fd697790,0x00000000ff900000)
  to   space 49664K, 0% used [0x00000000f9700000,0x00000000f9700000,0x00000000fc780000)
 ParOldGen       total 203776K, used 67764K [0x00000000c0000000, 0x00000000cc700000, 0x00000000eab00000)
  object space 203776K, 33% used [0x00000000c0000000,0x00000000c422d0d0,0x00000000cc700000)
 Metaspace       used 84712K, capacity 91834K, committed 92544K, reserved 1130496K
  class space    used 10242K, capacity 10983K, committed 11136K, reserved 1048576K
}
Event: 7668.549 GC heap before
{Heap before GC invocations=122 (full 25):
 PSYoungGen      total 292352K, used 139505K [0x00000000eab00000, 0x00000000ff900000, 0x0000000100000000)
  eden space 241664K, 51% used [0x00000000eab00000,0x00000000f2424cc8,0x00000000f9700000)
  from space 50688K, 30% used [0x00000000fc780000,0x00000000fd697790,0x00000000ff900000)
  to   space 49664K, 0% used [0x00000000f9700000,0x00000000f9700000,0x00000000fc780000)
 ParOldGen       total 203776K, used 67764K [0x00000000c0000000, 0x00000000cc700000, 0x00000000eab00000)
  object space 203776K, 33% used [0x00000000c0000000,0x00000000c422d0d0,0x00000000cc700000)
 Metaspace       used 84722K, capacity 91840K, committed 92544K, reserved 1130496K
  class space    used 10243K, capacity 10985K, committed 11136K, reserved 1048576K
Event: 7668.563 GC heap after
Heap after GC invocations=122 (full 25):
 PSYoungGen      total 251392K, used 9592K [0x00000000eab00000, 0x00000000ff500000, 0x0000000100000000)
  eden space 241664K, 0% used [0x00000000eab00000,0x00000000eab00000,0x00000000f9700000)
  from space 9728K, 98% used [0x00000000f9700000,0x00000000fa05e250,0x00000000fa080000)
  to   space 47616K, 0% used [0x00000000fc680000,0x00000000fc680000,0x00000000ff500000)
 ParOldGen       total 203776K, used 67772K [0x00000000c0000000, 0x00000000cc700000, 0x00000000eab00000)
  object space 203776K, 33% used [0x00000000c0000000,0x00000000c422f0d0,0x00000000cc700000)
 Metaspace       used 84722K, capacity 91840K, committed 92544K, reserved 1130496K
  class space    used 10243K, capacity 10985K, committed 11136K, reserved 1048576K
}
Event: 7668.564 GC heap before
{Heap before GC invocations=123 (full 26):
 PSYoungGen      total 251392K, used 9592K [0x00000000eab00000, 0x00000000ff500000, 0x0000000100000000)
  eden space 241664K, 0% used [0x00000000eab00000,0x00000000eab00000,0x00000000f9700000)
  from space 9728K, 98% used [0x00000000f9700000,0x00000000fa05e250,0x00000000fa080000)
  to   space 47616K, 0% used [0x00000000fc680000,0x00000000fc680000,0x00000000ff500000)
 ParOldGen       total 203776K, used 67772K [0x00000000c0000000, 0x00000000cc700000, 0x00000000eab00000)
  object space 203776K, 33% used [0x00000000c0000000,0x00000000c422f0d0,0x00000000cc700000)
 Metaspace       used 84722K, capacity 91840K, committed 92544K, reserved 1130496K
  class space    used 10243K, capacity 10985K, committed 11136K, reserved 1048576K
Event: 7669.047 GC heap after
Heap after GC invocations=123 (full 26):
 PSYoungGen      total 251392K, used 0K [0x00000000eab00000, 0x00000000ff500000, 0x0000000100000000)
  eden space 241664K, 0% used [0x00000000eab00000,0x00000000eab00000,0x00000000f9700000)
  from space 9728K, 0% used [0x00000000f9700000,0x00000000f9700000,0x00000000fa080000)
  to   space 47616K, 0% used [0x00000000fc680000,0x00000000fc680000,0x00000000ff500000)
 ParOldGen       total 203776K, used 67841K [0x00000000c0000000, 0x00000000cc700000, 0x00000000eab00000)
  object space 203776K, 33% used [0x00000000c0000000,0x00000000c42404a0,0x00000000cc700000)
 Metaspace       used 84716K, capacity 91828K, committed 92544K, reserved 1130496K
  class space    used 10240K, capacity 10981K, committed 11136K, reserved 1048576K
}
Event: 7690.706 GC heap before
{Heap before GC invocations=124 (full 26):
 PSYoungGen      total 251392K, used 241664K [0x00000000eab00000, 0x00000000ff500000, 0x0000000100000000)
  eden space 241664K, 100% used [0x00000000eab00000,0x00000000f9700000,0x00000000f9700000)
  from space 9728K, 0% used [0x00000000f9700000,0x00000000f9700000,0x00000000fa080000)
  to   space 47616K, 0% used [0x00000000fc680000,0x00000000fc680000,0x00000000ff500000)
 ParOldGen       total 203776K, used 67841K [0x00000000c0000000, 0x00000000cc700000, 0x00000000eab00000)
  object space 203776K, 33% used [0x00000000c0000000,0x00000000c42404a0,0x00000000cc700000)
 Metaspace       used 84814K, capacity 91916K, committed 92544K, reserved 1130496K
  class space    used 10248K, capacity 10989K, committed 11136K, reserved 1048576K
Event: 7690.723 GC heap after
Heap after GC invocations=124 (full 26):
 PSYoungGen      total 291840K, used 8448K [0x00000000eab00000, 0x00000000ffa80000, 0x0000000100000000)
  eden space 244224K, 0% used [0x00000000eab00000,0x00000000eab00000,0x00000000f9980000)
  from space 47616K, 17% used [0x00000000fc680000,0x00000000fcec0000,0x00000000ff500000)
  to   space 46080K, 0% used [0x00000000f9980000,0x00000000f9980000,0x00000000fc680000)
 ParOldGen       total 203776K, used 67849K [0x00000000c0000000, 0x00000000cc700000, 0x00000000eab00000)
  object space 203776K, 33% used [0x00000000c0000000,0x00000000c42424a0,0x00000000cc700000)
 Metaspace       used 84814K, capacity 91916K, committed 92544K, reserved 1130496K
  class space    used 10248K, capacity 10989K, committed 11136K, reserved 1048576K
}

